06:06:49.190 [background-preinit] INFO  o.h.validator.internal.util.Version - HV000001: Hibernate Validator 6.2.0.Final
06:06:49.269 [main] INFO  c.b.a.c.AccountServiceApplication - Starting AccountServiceApplication using Java 16.0.2 on DESKTOP-Q9BB2S8 with PID 9124 (D:\bank\target\classes started by Dell in D:\bank)
06:06:49.274 [main] INFO  c.b.a.c.AccountServiceApplication - No active profile set, falling back to default profiles: default
06:06:51.856 [main] INFO  o.s.d.r.c.RepositoryConfigurationDelegate - Bootstrapping Spring Data JPA repositories in DEFAULT mode.
06:06:51.991 [main] INFO  o.s.d.r.c.RepositoryConfigurationDelegate - Finished Spring Data repository scanning in 119 ms. Found 3 JPA repository interfaces.
06:06:53.303 [main] INFO  o.s.c.s.PostProcessorRegistrationDelegate$BeanPostProcessorChecker - Bean 'cacheConfig' of type [com.bank.account.config.CacheConfig$$EnhancerBySpringCGLIB$$f37578b7] is not eligible for getting processed by all BeanPostProcessors (for example: not eligible for auto-proxying)
06:06:54.433 [main] INFO  o.s.b.w.e.tomcat.TomcatWebServer - Tomcat initialized with port(s): 8080 (http)
06:06:54.453 [main] INFO  o.a.coyote.http11.Http11NioProtocol - Initializing ProtocolHandler ["http-nio-8080"]
06:06:54.453 [main] INFO  o.a.catalina.core.StandardService - Starting service [Tomcat]
06:06:54.454 [main] INFO  o.a.catalina.core.StandardEngine - Starting Servlet engine: [Apache Tomcat/9.0.53]
06:06:54.665 [main] INFO  o.a.c.c.C.[Tomcat].[localhost].[/] - Initializing Spring embedded WebApplicationContext
06:06:54.666 [main] INFO  o.s.b.w.s.c.ServletWebServerApplicationContext - Root WebApplicationContext: initialization completed in 5242 ms
06:06:54.728 [main] INFO  com.zaxxer.hikari.HikariDataSource - HikariPool-1 - Starting...
06:06:55.111 [main] INFO  com.zaxxer.hikari.HikariDataSource - HikariPool-1 - Start completed.
06:06:55.127 [main] INFO  o.s.b.a.h.H2ConsoleAutoConfiguration - H2 console available at '/h2-console'. Database available at 'jdbc:h2:mem:bankdb'
06:06:55.737 [main] INFO  o.h.jpa.internal.util.LogHelper - HHH000204: Processing PersistenceUnitInfo [name: default]
06:06:55.870 [main] INFO  org.hibernate.Version - HHH000412: Hibernate ORM core version 5.4.32.Final
06:06:56.171 [main] WARN  org.hibernate.orm.deprecation - HHH020100: The Ehcache second-level cache provider for Hibernate is deprecated.  See https://hibernate.atlassian.net/browse/HHH-12441 for details.
06:06:56.188 [main] INFO  o.h.annotations.common.Version - HCANN000001: Hibernate Commons Annotations {5.1.2.Final}
06:06:56.455 [main] INFO  org.hibernate.dialect.Dialect - HHH000400: Using dialect: org.hibernate.dialect.H2Dialect
06:06:57.602 [main] WARN  org.hibernate.orm.cache - HHH90001006: Missing cache[default-update-timestamps-region] was created on-the-fly. The created cache will use a provider-specific default configuration: make sure you defined one. You can disable this warning by setting 'hibernate.cache.ehcache.missing_cache_strategy' to 'create'.
06:06:57.616 [main] WARN  org.hibernate.orm.cache - HHH90001006: Missing cache[default-query-results-region] was created on-the-fly. The created cache will use a provider-specific default configuration: make sure you defined one. You can disable this warning by setting 'hibernate.cache.ehcache.missing_cache_strategy' to 'create'.
06:06:57.854 [main] WARN  org.hibernate.orm.cache - HHH90001006: Missing cache[com.bank.account.domain.UserEntity.userAccts] was created on-the-fly. The created cache will use a provider-specific default configuration: make sure you defined one. You can disable this warning by setting 'hibernate.cache.ehcache.missing_cache_strategy' to 'create'.
06:06:57.867 [main] WARN  org.hibernate.orm.cache - HHH90001006: Missing cache[com.bank.account.domain.TransactionEntity] was created on-the-fly. The created cache will use a provider-specific default configuration: make sure you defined one. You can disable this warning by setting 'hibernate.cache.ehcache.missing_cache_strategy' to 'create'.
06:06:57.875 [main] WARN  org.hibernate.orm.cache - HHH90001006: Missing cache[com.bank.account.domain.AccountEntity] was created on-the-fly. The created cache will use a provider-specific default configuration: make sure you defined one. You can disable this warning by setting 'hibernate.cache.ehcache.missing_cache_strategy' to 'create'.
06:06:57.882 [main] WARN  org.hibernate.orm.cache - HHH90001006: Missing cache[com.bank.account.domain.UserEntity] was created on-the-fly. The created cache will use a provider-specific default configuration: make sure you defined one. You can disable this warning by setting 'hibernate.cache.ehcache.missing_cache_strategy' to 'create'.
06:07:00.100 [main] INFO  o.h.e.t.j.p.i.JtaPlatformInitiator - HHH000490: Using JtaPlatform implementation: [org.hibernate.engine.transaction.jta.platform.internal.NoJtaPlatform]
06:07:00.116 [main] INFO  o.s.o.j.LocalContainerEntityManagerFactoryBean - Initialized JPA EntityManagerFactory for persistence unit 'default'
06:07:01.614 [main] WARN  o.s.b.a.o.j.JpaBaseConfiguration$JpaWebConfiguration - spring.jpa.open-in-view is enabled by default. Therefore, database queries may be performed during view rendering. Explicitly configure spring.jpa.open-in-view to disable this warning
06:07:02.611 [main] INFO  o.a.coyote.http11.Http11NioProtocol - Starting ProtocolHandler ["http-nio-8080"]
06:07:02.710 [main] INFO  o.s.b.w.e.tomcat.TomcatWebServer - Tomcat started on port(s): 8080 (http) with context path ''
06:07:03.157 [main] INFO  c.b.a.c.AccountServiceApplication - Started AccountServiceApplication in 15.066 seconds (JVM running for 19.06)
06:10:16.297 [main] INFO  c.b.a.c.AccountServiceApplication - Starting AccountServiceApplication using Java 16.0.2 on DESKTOP-Q9BB2S8 with PID 15364 (D:\bank\target\classes started by Dell in D:\bank)
06:10:16.309 [main] INFO  c.b.a.c.AccountServiceApplication - No active profile set, falling back to default profiles: default
06:10:16.309 [background-preinit] INFO  o.h.validator.internal.util.Version - HV000001: Hibernate Validator 6.2.0.Final
06:10:18.346 [main] INFO  o.s.d.r.c.RepositoryConfigurationDelegate - Bootstrapping Spring Data JPA repositories in DEFAULT mode.
06:10:18.475 [main] INFO  o.s.d.r.c.RepositoryConfigurationDelegate - Finished Spring Data repository scanning in 109 ms. Found 3 JPA repository interfaces.
06:10:19.659 [main] INFO  o.s.c.s.PostProcessorRegistrationDelegate$BeanPostProcessorChecker - Bean 'cacheConfig' of type [com.bank.account.config.CacheConfig$$EnhancerBySpringCGLIB$$cb1f236d] is not eligible for getting processed by all BeanPostProcessors (for example: not eligible for auto-proxying)
06:10:20.515 [main] INFO  o.s.b.w.e.tomcat.TomcatWebServer - Tomcat initialized with port(s): 8080 (http)
06:10:20.540 [main] INFO  o.a.coyote.http11.Http11NioProtocol - Initializing ProtocolHandler ["http-nio-8080"]
06:10:20.541 [main] INFO  o.a.catalina.core.StandardService - Starting service [Tomcat]
06:10:20.543 [main] INFO  o.a.catalina.core.StandardEngine - Starting Servlet engine: [Apache Tomcat/9.0.53]
06:10:21.172 [main] INFO  o.a.c.c.C.[Tomcat].[localhost].[/] - Initializing Spring embedded WebApplicationContext
06:10:21.174 [main] INFO  o.s.b.w.s.c.ServletWebServerApplicationContext - Root WebApplicationContext: initialization completed in 4731 ms
06:10:21.305 [main] INFO  com.zaxxer.hikari.HikariDataSource - HikariPool-1 - Starting...
06:10:21.722 [main] INFO  com.zaxxer.hikari.HikariDataSource - HikariPool-1 - Start completed.
06:10:21.739 [main] INFO  o.s.b.a.h.H2ConsoleAutoConfiguration - H2 console available at '/h2-console'. Database available at 'jdbc:h2:mem:bankdb'
06:10:22.040 [main] INFO  o.h.jpa.internal.util.LogHelper - HHH000204: Processing PersistenceUnitInfo [name: default]
06:10:22.151 [main] INFO  org.hibernate.Version - HHH000412: Hibernate ORM core version 5.4.32.Final
06:10:22.416 [main] WARN  org.hibernate.orm.deprecation - HHH020100: The Ehcache second-level cache provider for Hibernate is deprecated.  See https://hibernate.atlassian.net/browse/HHH-12441 for details.
06:10:22.437 [main] INFO  o.h.annotations.common.Version - HCANN000001: Hibernate Commons Annotations {5.1.2.Final}
06:10:22.675 [main] INFO  org.hibernate.dialect.Dialect - HHH000400: Using dialect: org.hibernate.dialect.H2Dialect
06:10:23.507 [main] WARN  org.hibernate.orm.cache - HHH90001006: Missing cache[default-update-timestamps-region] was created on-the-fly. The created cache will use a provider-specific default configuration: make sure you defined one. You can disable this warning by setting 'hibernate.cache.ehcache.missing_cache_strategy' to 'create'.
06:10:23.518 [main] WARN  org.hibernate.orm.cache - HHH90001006: Missing cache[default-query-results-region] was created on-the-fly. The created cache will use a provider-specific default configuration: make sure you defined one. You can disable this warning by setting 'hibernate.cache.ehcache.missing_cache_strategy' to 'create'.
06:10:23.716 [main] WARN  org.hibernate.orm.cache - HHH90001006: Missing cache[com.bank.account.domain.UserEntity] was created on-the-fly. The created cache will use a provider-specific default configuration: make sure you defined one. You can disable this warning by setting 'hibernate.cache.ehcache.missing_cache_strategy' to 'create'.
06:10:23.728 [main] WARN  org.hibernate.orm.cache - HHH90001006: Missing cache[com.bank.account.domain.AccountEntity] was created on-the-fly. The created cache will use a provider-specific default configuration: make sure you defined one. You can disable this warning by setting 'hibernate.cache.ehcache.missing_cache_strategy' to 'create'.
06:10:23.738 [main] WARN  org.hibernate.orm.cache - HHH90001006: Missing cache[com.bank.account.domain.UserEntity.userAccts] was created on-the-fly. The created cache will use a provider-specific default configuration: make sure you defined one. You can disable this warning by setting 'hibernate.cache.ehcache.missing_cache_strategy' to 'create'.
06:10:23.746 [main] WARN  org.hibernate.orm.cache - HHH90001006: Missing cache[com.bank.account.domain.TransactionEntity] was created on-the-fly. The created cache will use a provider-specific default configuration: make sure you defined one. You can disable this warning by setting 'hibernate.cache.ehcache.missing_cache_strategy' to 'create'.
06:10:24.526 [main] INFO  o.h.e.t.j.p.i.JtaPlatformInitiator - HHH000490: Using JtaPlatform implementation: [org.hibernate.engine.transaction.jta.platform.internal.NoJtaPlatform]
06:10:24.547 [main] INFO  o.s.o.j.LocalContainerEntityManagerFactoryBean - Initialized JPA EntityManagerFactory for persistence unit 'default'
06:10:26.305 [main] WARN  o.s.b.a.o.j.JpaBaseConfiguration$JpaWebConfiguration - spring.jpa.open-in-view is enabled by default. Therefore, database queries may be performed during view rendering. Explicitly configure spring.jpa.open-in-view to disable this warning
06:10:27.319 [main] INFO  o.a.coyote.http11.Http11NioProtocol - Starting ProtocolHandler ["http-nio-8080"]
06:10:27.332 [main] WARN  o.s.b.w.s.c.AnnotationConfigServletWebServerApplicationContext - Exception encountered during context initialization - cancelling refresh attempt: org.springframework.context.ApplicationContextException: Failed to start bean 'webServerStartStop'; nested exception is org.springframework.boot.web.server.PortInUseException: Port 8080 is already in use
06:10:27.345 [main] INFO  o.s.o.j.LocalContainerEntityManagerFactoryBean - Closing JPA EntityManagerFactory for persistence unit 'default'
06:10:27.350 [main] INFO  com.zaxxer.hikari.HikariDataSource - HikariPool-1 - Shutdown initiated...
06:10:27.356 [main] INFO  com.zaxxer.hikari.HikariDataSource - HikariPool-1 - Shutdown completed.
06:10:27.360 [main] INFO  o.a.coyote.http11.Http11NioProtocol - Pausing ProtocolHandler ["http-nio-8080"]
06:10:27.361 [main] INFO  o.a.catalina.core.StandardService - Stopping service [Tomcat]
06:10:27.369 [main] INFO  o.a.coyote.http11.Http11NioProtocol - Stopping ProtocolHandler ["http-nio-8080"]
06:10:27.370 [main] INFO  o.a.coyote.http11.Http11NioProtocol - Destroying ProtocolHandler ["http-nio-8080"]
06:10:27.391 [main] INFO  o.s.b.a.l.ConditionEvaluationReportLoggingListener - 

Error starting ApplicationContext. To display the conditions report re-run your application with 'debug' enabled.
06:10:27.419 [main] ERROR o.s.b.d.LoggingFailureAnalysisReporter - 

***************************
APPLICATION FAILED TO START
***************************

Description:

Web server failed to start. Port 8080 was already in use.

Action:

Identify and stop the process that's listening on port 8080 or configure this application to listen on another port.

06:10:58.152 [background-preinit] INFO  o.h.validator.internal.util.Version - HV000001: Hibernate Validator 6.2.0.Final
06:10:58.172 [main] INFO  c.b.a.c.AccountServiceApplication - Starting AccountServiceApplication using Java 16.0.2 on DESKTOP-Q9BB2S8 with PID 16452 (D:\bank\target\classes started by Dell in D:\bank)
06:10:58.173 [main] INFO  c.b.a.c.AccountServiceApplication - No active profile set, falling back to default profiles: default
06:10:59.907 [main] INFO  o.s.d.r.c.RepositoryConfigurationDelegate - Bootstrapping Spring Data JPA repositories in DEFAULT mode.
06:11:00.028 [main] INFO  o.s.d.r.c.RepositoryConfigurationDelegate - Finished Spring Data repository scanning in 103 ms. Found 3 JPA repository interfaces.
06:11:01.369 [main] INFO  o.s.c.s.PostProcessorRegistrationDelegate$BeanPostProcessorChecker - Bean 'cacheConfig' of type [com.bank.account.config.CacheConfig$$EnhancerBySpringCGLIB$$cca4563e] is not eligible for getting processed by all BeanPostProcessors (for example: not eligible for auto-proxying)
06:11:02.050 [main] INFO  o.s.b.w.e.tomcat.TomcatWebServer - Tomcat initialized with port(s): 8080 (http)
06:11:02.073 [main] INFO  o.a.coyote.http11.Http11NioProtocol - Initializing ProtocolHandler ["http-nio-8080"]
06:11:02.074 [main] INFO  o.a.catalina.core.StandardService - Starting service [Tomcat]
06:11:02.074 [main] INFO  o.a.catalina.core.StandardEngine - Starting Servlet engine: [Apache Tomcat/9.0.53]
06:11:02.629 [main] INFO  o.a.c.c.C.[Tomcat].[localhost].[/] - Initializing Spring embedded WebApplicationContext
06:11:02.630 [main] INFO  o.s.b.w.s.c.ServletWebServerApplicationContext - Root WebApplicationContext: initialization completed in 4336 ms
06:11:02.735 [main] INFO  com.zaxxer.hikari.HikariDataSource - HikariPool-1 - Starting...
06:11:03.088 [main] INFO  com.zaxxer.hikari.HikariDataSource - HikariPool-1 - Start completed.
06:11:03.108 [main] INFO  o.s.b.a.h.H2ConsoleAutoConfiguration - H2 console available at '/h2-console'. Database available at 'jdbc:h2:mem:bankdb'
06:11:03.494 [main] INFO  o.h.jpa.internal.util.LogHelper - HHH000204: Processing PersistenceUnitInfo [name: default]
06:11:03.615 [main] INFO  org.hibernate.Version - HHH000412: Hibernate ORM core version 5.4.32.Final
06:11:03.880 [main] WARN  org.hibernate.orm.deprecation - HHH020100: The Ehcache second-level cache provider for Hibernate is deprecated.  See https://hibernate.atlassian.net/browse/HHH-12441 for details.
06:11:03.899 [main] INFO  o.h.annotations.common.Version - HCANN000001: Hibernate Commons Annotations {5.1.2.Final}
06:11:04.156 [main] INFO  org.hibernate.dialect.Dialect - HHH000400: Using dialect: org.hibernate.dialect.H2Dialect
06:11:05.110 [main] WARN  org.hibernate.orm.cache - HHH90001006: Missing cache[default-update-timestamps-region] was created on-the-fly. The created cache will use a provider-specific default configuration: make sure you defined one. You can disable this warning by setting 'hibernate.cache.ehcache.missing_cache_strategy' to 'create'.
06:11:05.125 [main] WARN  org.hibernate.orm.cache - HHH90001006: Missing cache[default-query-results-region] was created on-the-fly. The created cache will use a provider-specific default configuration: make sure you defined one. You can disable this warning by setting 'hibernate.cache.ehcache.missing_cache_strategy' to 'create'.
06:11:05.327 [main] WARN  org.hibernate.orm.cache - HHH90001006: Missing cache[com.bank.account.domain.UserEntity] was created on-the-fly. The created cache will use a provider-specific default configuration: make sure you defined one. You can disable this warning by setting 'hibernate.cache.ehcache.missing_cache_strategy' to 'create'.
06:11:05.341 [main] WARN  org.hibernate.orm.cache - HHH90001006: Missing cache[com.bank.account.domain.AccountEntity] was created on-the-fly. The created cache will use a provider-specific default configuration: make sure you defined one. You can disable this warning by setting 'hibernate.cache.ehcache.missing_cache_strategy' to 'create'.
06:11:05.350 [main] WARN  org.hibernate.orm.cache - HHH90001006: Missing cache[com.bank.account.domain.TransactionEntity] was created on-the-fly. The created cache will use a provider-specific default configuration: make sure you defined one. You can disable this warning by setting 'hibernate.cache.ehcache.missing_cache_strategy' to 'create'.
06:11:05.358 [main] WARN  org.hibernate.orm.cache - HHH90001006: Missing cache[com.bank.account.domain.UserEntity.userAccts] was created on-the-fly. The created cache will use a provider-specific default configuration: make sure you defined one. You can disable this warning by setting 'hibernate.cache.ehcache.missing_cache_strategy' to 'create'.
06:11:06.071 [main] INFO  o.h.e.t.j.p.i.JtaPlatformInitiator - HHH000490: Using JtaPlatform implementation: [org.hibernate.engine.transaction.jta.platform.internal.NoJtaPlatform]
06:11:06.092 [main] INFO  o.s.o.j.LocalContainerEntityManagerFactoryBean - Initialized JPA EntityManagerFactory for persistence unit 'default'
06:11:07.744 [main] WARN  o.s.b.a.o.j.JpaBaseConfiguration$JpaWebConfiguration - spring.jpa.open-in-view is enabled by default. Therefore, database queries may be performed during view rendering. Explicitly configure spring.jpa.open-in-view to disable this warning
06:11:08.833 [main] INFO  o.a.coyote.http11.Http11NioProtocol - Starting ProtocolHandler ["http-nio-8080"]
06:11:09.000 [main] INFO  o.s.b.w.e.tomcat.TomcatWebServer - Tomcat started on port(s): 8080 (http) with context path ''
06:11:09.439 [main] INFO  c.b.a.c.AccountServiceApplication - Started AccountServiceApplication in 12.319 seconds (JVM running for 13.948)
06:20:08.632 [background-preinit] INFO  o.h.validator.internal.util.Version - HV000001: Hibernate Validator 6.2.0.Final
06:20:08.653 [main] INFO  c.b.a.c.AccountServiceApplication - Starting AccountServiceApplication using Java 16.0.2 on DESKTOP-Q9BB2S8 with PID 22124 (D:\bank\target\classes started by Dell in D:\bank)
06:20:08.654 [main] INFO  c.b.a.c.AccountServiceApplication - No active profile set, falling back to default profiles: default
06:20:10.514 [main] INFO  o.s.d.r.c.RepositoryConfigurationDelegate - Bootstrapping Spring Data JPA repositories in DEFAULT mode.
06:20:10.661 [main] INFO  o.s.d.r.c.RepositoryConfigurationDelegate - Finished Spring Data repository scanning in 126 ms. Found 3 JPA repository interfaces.
06:20:12.077 [main] INFO  o.s.c.s.PostProcessorRegistrationDelegate$BeanPostProcessorChecker - Bean 'cacheConfig' of type [com.bank.account.config.CacheConfig$$EnhancerBySpringCGLIB$$87862d4d] is not eligible for getting processed by all BeanPostProcessors (for example: not eligible for auto-proxying)
06:20:12.805 [main] INFO  o.s.b.w.e.tomcat.TomcatWebServer - Tomcat initialized with port(s): 8080 (http)
06:20:12.829 [main] INFO  o.a.coyote.http11.Http11NioProtocol - Initializing ProtocolHandler ["http-nio-8080"]
06:20:12.830 [main] INFO  o.a.catalina.core.StandardService - Starting service [Tomcat]
06:20:12.830 [main] INFO  o.a.catalina.core.StandardEngine - Starting Servlet engine: [Apache Tomcat/9.0.53]
06:20:13.073 [main] INFO  o.a.c.c.C.[Tomcat].[localhost].[/] - Initializing Spring embedded WebApplicationContext
06:20:13.074 [main] INFO  o.s.b.w.s.c.ServletWebServerApplicationContext - Root WebApplicationContext: initialization completed in 4289 ms
06:20:13.161 [main] INFO  com.zaxxer.hikari.HikariDataSource - HikariPool-1 - Starting...
06:20:13.597 [main] INFO  com.zaxxer.hikari.HikariDataSource - HikariPool-1 - Start completed.
06:20:13.625 [main] INFO  o.s.b.a.h.H2ConsoleAutoConfiguration - H2 console available at '/h2-console'. Database available at 'jdbc:h2:mem:bankdb'
06:20:14.094 [main] INFO  o.h.jpa.internal.util.LogHelper - HHH000204: Processing PersistenceUnitInfo [name: default]
06:20:14.225 [main] INFO  org.hibernate.Version - HHH000412: Hibernate ORM core version 5.4.32.Final
06:20:14.520 [main] WARN  org.hibernate.orm.deprecation - HHH020100: The Ehcache second-level cache provider for Hibernate is deprecated.  See https://hibernate.atlassian.net/browse/HHH-12441 for details.
06:20:14.539 [main] INFO  o.h.annotations.common.Version - HCANN000001: Hibernate Commons Annotations {5.1.2.Final}
06:20:14.869 [main] INFO  org.hibernate.dialect.Dialect - HHH000400: Using dialect: org.hibernate.dialect.H2Dialect
06:20:15.887 [main] WARN  org.hibernate.orm.cache - HHH90001006: Missing cache[default-update-timestamps-region] was created on-the-fly. The created cache will use a provider-specific default configuration: make sure you defined one. You can disable this warning by setting 'hibernate.cache.ehcache.missing_cache_strategy' to 'create'.
06:20:15.932 [main] WARN  org.hibernate.orm.cache - HHH90001006: Missing cache[default-query-results-region] was created on-the-fly. The created cache will use a provider-specific default configuration: make sure you defined one. You can disable this warning by setting 'hibernate.cache.ehcache.missing_cache_strategy' to 'create'.
06:20:16.177 [main] WARN  org.hibernate.orm.cache - HHH90001006: Missing cache[com.bank.account.domain.UserEntity] was created on-the-fly. The created cache will use a provider-specific default configuration: make sure you defined one. You can disable this warning by setting 'hibernate.cache.ehcache.missing_cache_strategy' to 'create'.
06:20:16.191 [main] WARN  org.hibernate.orm.cache - HHH90001006: Missing cache[com.bank.account.domain.UserEntity.userAccts] was created on-the-fly. The created cache will use a provider-specific default configuration: make sure you defined one. You can disable this warning by setting 'hibernate.cache.ehcache.missing_cache_strategy' to 'create'.
06:20:16.201 [main] WARN  org.hibernate.orm.cache - HHH90001006: Missing cache[com.bank.account.domain.TransactionEntity] was created on-the-fly. The created cache will use a provider-specific default configuration: make sure you defined one. You can disable this warning by setting 'hibernate.cache.ehcache.missing_cache_strategy' to 'create'.
06:20:16.208 [main] WARN  org.hibernate.orm.cache - HHH90001006: Missing cache[com.bank.account.domain.AccountEntity] was created on-the-fly. The created cache will use a provider-specific default configuration: make sure you defined one. You can disable this warning by setting 'hibernate.cache.ehcache.missing_cache_strategy' to 'create'.
06:20:17.063 [main] INFO  o.h.e.t.j.p.i.JtaPlatformInitiator - HHH000490: Using JtaPlatform implementation: [org.hibernate.engine.transaction.jta.platform.internal.NoJtaPlatform]
06:20:17.087 [main] INFO  o.s.o.j.LocalContainerEntityManagerFactoryBean - Initialized JPA EntityManagerFactory for persistence unit 'default'
06:20:19.102 [main] WARN  o.s.b.a.o.j.JpaBaseConfiguration$JpaWebConfiguration - spring.jpa.open-in-view is enabled by default. Therefore, database queries may be performed during view rendering. Explicitly configure spring.jpa.open-in-view to disable this warning
06:20:20.242 [main] INFO  o.a.coyote.http11.Http11NioProtocol - Starting ProtocolHandler ["http-nio-8080"]
06:20:20.399 [main] INFO  o.s.b.w.e.tomcat.TomcatWebServer - Tomcat started on port(s): 8080 (http) with context path ''
06:20:20.947 [main] INFO  c.b.a.c.AccountServiceApplication - Started AccountServiceApplication in 13.482 seconds (JVM running for 15.356)
06:20:41.558 [http-nio-8080-exec-1] INFO  o.a.c.c.C.[Tomcat].[localhost].[/] - Initializing Spring DispatcherServlet 'dispatcherServlet'
06:20:41.558 [http-nio-8080-exec-1] INFO  o.s.web.servlet.DispatcherServlet - Initializing Servlet 'dispatcherServlet'
06:20:41.561 [http-nio-8080-exec-1] INFO  o.s.web.servlet.DispatcherServlet - Completed initialization in 3 ms
06:22:01.285 [http-nio-8080-exec-8] INFO  c.b.a.controller.AcctTxnController - Retrieving transaction details for the account: 567459872
